IQ-TREE version 3.0.1 for Linux x86 64-bit built Jul  9 2025
Developed by Bui Quang Minh, Thomas Wong, Nhan Ly-Trong, Huaiyan Ren
Contributed by Lam-Tung Nguyen, Dominik Schrempf, Chris Bielow,
Olga Chernomor, Michael Woodhams, Diep Thi Hoang, Heiko Schmidt

Host:    boron (AVX512, FMA3, 187 GB RAM)
Command: /storage/kiran-stuff/blast_env/bin/iqtree3 -s /storage/kiran-stuff/protein-semantic-collapse/results/phylogenetics/RRM_1.aln --prefix /storage/kiran-stuff/protein-semantic-collapse/results/phylogenetics/RRM_1 -m TEST -B 1000 --quiet -T AUTO --redo
Seed:    979420 (Using SPRNG - Scalable Parallel Random Number Generator)
Time:    Sun Feb  1 15:16:45 2026
Kernel:  AVX+FMA - auto-detect threads (64 CPU cores detected)

Reading alignment file /storage/kiran-stuff/protein-semantic-collapse/results/phylogenetics/RRM_1.aln ... Fasta format detected
Reading fasta file: done in 6.19648e-05 secs using 40.35% CPU
Alignment most likely contains protein sequences
Constructing alignment: done in 0.000250196 secs using 103.1% CPU
Alignment has 20 sequences with 81 columns, 80 distinct patterns
68 parsimony-informative, 3 singleton sites, 10 constant sites
                     Gap/Ambiguity  Composition  p-value
Analyzing sequences: done in 0.0118589 secs using 5928% CPU
   1  Q8NG50_RRM_1_DE1.8    29.63%    failed      1.02%
   2  P13469_RRM_1_DE7.5    17.28%    passed     22.74%
   3  Q64707_RRM_1_DE9.1    32.10%    passed     27.05%
   4  P0C7P1_RRM_1_DE10.0   13.58%    passed     39.01%
   5  Q9FPJ8_RRM_1_DE10.4   17.28%    passed     18.54%
   6  Q61701_RRM_1_DE11.3   12.35%    passed     68.82%
   7  Q9ZQA8_RRM_1_DE11.6   14.81%    passed     46.88%
   8  O15047_RRM_1_DE12.3   19.75%    passed     49.14%
   9  P29341_RRM_1_DE12.9   13.58%    passed     92.18%
  10  Q9FXA2_RRM_1_DE13.2   16.05%    passed     78.50%
  11  Q9HCJ3_RRM_1_DE13.8   19.75%    passed     97.75%
  12  Q86U06_RRM_1_DE14.3   13.58%    passed     97.71%
  13  O04425_RRM_1_DE14.9   17.28%    passed     99.65%
  14  P60824_RRM_1_DE15.5   12.35%    passed     80.64%
  15  Q9XFR5_RRM_1_DE15.9   22.22%    passed     81.50%
  16  Q8VE97_RRM_1_DE16.7   18.52%    passed     97.53%
  17  Q9HCJ3_RRM_1_DE17.6   16.05%    passed     60.19%
  18  Q8BGC0_RRM_1_DE19.2    3.70%    passed     50.05%
  19  Q8VYA5_RRM_1_DE21.0   23.46%    failed      0.04%
  20  P92966_RRM_1_DE25.9   28.40%    passed     13.97%
****  TOTAL                 18.09%  2 sequences failed composition chi2 test (p-value<5%; df=19)
Checking for duplicate sequences: done in 0.00603734 secs using 5720% CPU


Create initial parsimony tree by phylogenetic likelihood library (PLL)... 0.001 seconds
Measuring multi-threading efficiency up to 64 CPU cores
Increase to 10 rounds for branch lengths
1281 trees examined
Threads: 1 / Time: 64.019 sec / Speedup: 1.000 / Efficiency: 100% / LogL: -3055
Threads: 2 / Time: 60.701 sec / Speedup: 1.055 / Efficiency: 53% / LogL: -3055
Threads: 3 / Time: 48.864 sec / Speedup: 1.310 / Efficiency: 44% / LogL: -3055
Determining AUTO threadcount: done in 173.586 secs using 189.4% CPU
BEST NUMBER OF THREADS: 2

Perform fast likelihood tree search using LG+I+G model...
Estimate model parameters (epsilon = 5.000)
Perform nearest neighbor interchange...
Optimizing NNI: done in 0.176128 secs using 197.2% CPU
Estimate model parameters (epsilon = 1.000)
1. Initial log-likelihood: -2937.942
Optimal log-likelihood: -2937.826
Proportion of invariable sites: 0.000
Gamma shape alpha: 2.217
Parameters optimization took 1 rounds (0.024 sec)
Time for fast ML tree search: 0.257 seconds

NOTE: ModelFinder requires 1 MB RAM!
ModelFinder will test up to 224 protein models (sample size: 81 epsilon: 0.100) ...
 No. Model         -LnL         df  AIC          AICc         BIC
  1  LG            2981.178     37  6036.356     6101.751     6124.950
  2  LG+I          2981.170     38  6038.339     6108.911     6129.328
  3  LG+G4         2937.819     38  5951.639     6022.210     6042.628
  4  LG+I+G4       2937.815     39  5953.630     6029.728     6047.014
  7  LG+F+G4       2932.828     57  5979.656     6267.135     6116.140
  8  LG+F+I+G4     2932.819     58  5981.639     6292.730     6120.517
 11  WAG+G4        2954.842     38  5985.683     6056.255     6076.672
 12  WAG+I+G4      2954.841     39  5987.682     6063.780     6081.066
 15  WAG+F+G4      2936.825     57  5987.651     6275.129     6124.134
 16  WAG+F+I+G4    2936.825     58  5989.649     6300.740     6128.527
 19  JTT+G4        2975.647     38  6027.294     6097.866     6118.283
 20  JTT+I+G4      2975.648     39  6029.296     6105.394     6122.680
 23  JTT+F+G4      2962.315     57  6038.630     6326.109     6175.114
 24  JTT+F+I+G4    2962.314     58  6040.628     6351.719     6179.506
 27  Q.PFAM+G4     2943.196     38  5962.392     6032.963     6053.381
 28  Q.PFAM+I+G4   2943.195     39  5964.389     6040.487     6057.773
 31  Q.PFAM+F+G4   2929.781     57  5973.563     6261.041     6110.046
 32  Q.PFAM+F+I+G4 2929.778     58  5975.557     6286.648     6114.435
 35  Q.BIRD+G4     3012.753     38  6101.506     6172.077     6192.495
 36  Q.BIRD+I+G4   3012.753     39  6103.506     6179.603     6196.889
 39  Q.BIRD+F+G4   3001.019     57  6116.039     6403.517     6252.522
 40  Q.BIRD+F+I+G4 3001.018     58  6118.036     6429.127     6256.914
 43  Q.MAMMAL+G4   2997.851     38  6071.702     6142.274     6162.691
 44  Q.MAMMAL+I+G4 2997.850     39  6073.699     6149.797     6167.083
 47  Q.MAMMAL+F+G4 2983.281     57  6080.561     6368.040     6217.045
 48  Q.MAMMAL+F+I+G4 2983.278     58  6082.555     6393.646     6221.433
 51  Q.INSECT+G4   2953.696     38  5983.391     6053.963     6074.381
 52  Q.INSECT+I+G4 2953.695     39  5985.390     6061.488     6078.774
 55  Q.INSECT+F+G4 2953.464     57  6020.928     6308.407     6157.412
 56  Q.INSECT+F+I+G4 2953.449     58  6022.899     6333.990     6161.777
 59  Q.PLANT+G4    2971.872     38  6019.744     6090.316     6110.733
 60  Q.PLANT+I+G4  2971.862     39  6021.725     6097.823     6115.108
 63  Q.PLANT+F+G4  2965.531     57  6045.063     6332.541     6181.546
 64  Q.PLANT+F+I+G4 2965.528     58  6047.055     6358.146     6185.933
 67  Q.YEAST+G4    2961.066     38  5998.132     6068.704     6089.121
 68  Q.YEAST+I+G4  2961.067     39  6000.135     6076.232     6093.518
 71  Q.YEAST+F+G4  2944.447     57  6002.893     6290.371     6139.377
 72  Q.YEAST+F+I+G4 2944.434     58  6004.869     6315.960     6143.747
 75  JTTDCMUT+G4   2974.948     38  6025.897     6096.468     6116.886
 76  JTTDCMUT+I+G4 2974.951     39  6027.901     6103.999     6121.285
 79  JTTDCMUT+F+G4 2961.775     57  6037.550     6325.028     6174.033
 80  JTTDCMUT+F+I+G4 2961.774     58  6039.548     6350.639     6178.426
 83  DCMUT+G4      3014.154     38  6104.308     6174.880     6195.298
 84  DCMUT+I+G4    3014.147     39  6106.295     6182.392     6199.678
 87  DCMUT+F+G4    2980.983     57  6075.966     6363.444     6212.449
 88  DCMUT+F+I+G4  2980.982     58  6077.965     6389.055     6216.843
 91  VT+G4         2954.438     38  5984.876     6055.447     6075.865
 92  VT+I+G4       2954.443     39  5986.886     6062.983     6080.269
 95  VT+F+G4       2940.037     57  5994.074     6281.553     6130.558
 96  VT+F+I+G4     2940.036     58  5996.071     6307.162     6134.949
 99  PMB+G4        2958.518     38  5993.036     6063.608     6084.025
100  PMB+I+G4      2958.517     39  5995.035     6071.133     6088.418
103  PMB+F+G4      2947.568     57  6009.136     6296.614     6145.619
104  PMB+F+I+G4    2947.567     58  6011.134     6322.225     6150.012
107  BLOSUM62+G4   2951.348     38  5978.695     6049.267     6069.684
108  BLOSUM62+I+G4 2951.346     39  5980.692     6056.789     6074.075
111  BLOSUM62+F+G4 2944.720     57  6003.439     6290.917     6139.923
112  BLOSUM62+F+I+G4 2944.719     58  6005.439     6316.529     6144.317
115  DAYHOFF+G4    3014.091     38  6104.182     6174.754     6195.171
116  DAYHOFF+I+G4  3014.091     39  6106.183     6182.280     6199.566
119  DAYHOFF+F+G4  2980.916     57  6075.832     6363.310     6212.315
120  DAYHOFF+F+I+G4 2980.915     58  6077.831     6388.922     6216.709
123  MTREV+G4      3159.976     38  6395.951     6466.523     6486.940
124  MTREV+I+G4    3159.977     39  6397.954     6474.051     6491.337
127  MTREV+F+G4    2984.770     57  6083.539     6371.018     6220.023
128  MTREV+F+I+G4  2984.772     58  6085.545     6396.636     6224.423
131  MTART+G4      3179.336     38  6434.671     6505.243     6525.660
132  MTART+I+G4    3179.326     39  6436.651     6512.749     6530.035
135  MTART+F+G4    3016.068     57  6146.136     6433.614     6282.620
136  MTART+F+I+G4  3016.065     58  6148.129     6459.220     6287.007
139  MTZOA+G4      3111.907     38  6299.813     6370.385     6390.803
140  MTZOA+I+G4    3111.904     39  6301.808     6377.906     6395.192
143  MTZOA+F+G4    2988.597     57  6091.194     6378.672     6227.678
144  MTZOA+F+I+G4  2988.591     58  6093.182     6404.273     6232.060
147  MTMET+G4      3142.821     38  6361.643     6432.214     6452.632
148  MTMET+I+G4    3142.822     39  6363.643     6439.741     6457.027
151  MTMET+F+G4    2992.297     57  6098.593     6386.072     6235.077
152  MTMET+F+I+G4  2992.292     58  6100.584     6411.675     6239.462
155  MTVER+G4      3178.287     38  6432.574     6503.146     6523.563
156  MTVER+I+G4    3178.292     39  6434.584     6510.681     6527.967
159  MTVER+F+G4    3020.870     57  6155.739     6443.217     6292.223
160  MTVER+F+I+G4  3020.868     58  6157.736     6468.827     6296.614
163  MTINV+G4      3159.146     38  6394.291     6464.863     6485.280
164  MTINV+I+G4    3159.143     39  6396.285     6472.383     6489.669
167  MTINV+F+G4    2980.229     57  6074.458     6361.936     6210.941
168  MTINV+F+I+G4  2980.227     58  6076.453     6387.544     6215.331
171  MTMAM+G4      3196.778     38  6469.556     6540.127     6560.545
172  MTMAM+I+G4    3196.764     39  6471.528     6547.626     6564.912
175  MTMAM+F+G4    3037.262     57  6188.524     6476.003     6325.008
176  MTMAM+F+I+G4  3037.292     58  6190.583     6501.674     6329.461
179  FLAVI+G4      3068.326     38  6212.652     6283.223     6303.641
180  FLAVI+I+G4    3068.296     39  6214.591     6290.689     6307.975
183  FLAVI+F+G4    3036.480     57  6186.961     6474.439     6323.444
184  FLAVI+F+I+G4  3036.465     58  6188.930     6500.020     6327.808
187  HIVB+G4       3016.536     38  6109.071     6179.643     6200.060
188  HIVB+I+G4     3016.535     39  6111.070     6187.168     6204.454
191  HIVB+F+G4     2996.302     57  6106.604     6394.082     6243.087
192  HIVB+F+I+G4   2996.293     58  6108.587     6419.678     6247.465
195  HIVW+G4       3154.504     38  6385.007     6455.579     6475.997
196  HIVW+I+G4     3154.497     39  6386.994     6463.092     6480.378
199  HIVW+F+G4     3074.673     57  6263.346     6550.824     6399.829
200  HIVW+F+I+G4   3074.673     58  6265.346     6576.437     6404.224
203  FLU+G4        3027.489     38  6130.978     6201.550     6221.967
204  FLU+I+G4      3027.486     39  6132.973     6209.070     6226.356
207  FLU+F+G4      2995.101     57  6104.202     6391.681     6240.686
208  FLU+F+I+G4    2995.089     58  6106.178     6417.269     6245.056
211  RTREV+G4      2969.107     38  6014.214     6084.786     6105.203
212  RTREV+I+G4    2969.107     39  6016.214     6092.311     6109.597
215  RTREV+F+G4    2934.714     57  5983.429     6270.907     6119.912
216  RTREV+F+I+G4  2934.714     58  5985.428     6296.519     6124.306
219  CPREV+G4      2971.218     38  6018.435     6089.007     6109.424
220  CPREV+I+G4    2971.219     39  6020.437     6096.535     6113.821
223  CPREV+F+G4    2949.459     57  6012.919     6300.397     6149.402
224  CPREV+F+I+G4  2949.457     58  6014.915     6326.006     6153.793
Akaike Information Criterion:           LG+G4
Corrected Akaike Information Criterion: LG+G4
Bayesian Information Criterion:         LG+G4
Best-fit model: LG+G4 chosen according to BIC

All model information printed to /storage/kiran-stuff/protein-semantic-collapse/results/phylogenetics/RRM_1.model.gz
CPU time for ModelFinder: 338.275 seconds (0h:5m:38s)
Wall-clock time for ModelFinder: 177.871 seconds (0h:2m:57s)
Generating 1000 samples for ultrafast bootstrap (seed: 979420)...

NOTE: 1 MB RAM (0 GB) is required!
Estimate model parameters (epsilon = 0.100)
1. Initial log-likelihood: -2940.783
2. Current log-likelihood: -2938.139
3. Current log-likelihood: -2937.856
Optimal log-likelihood: -2937.820
Gamma shape alpha: 2.193
Parameters optimization took 3 rounds (0.055 sec)
Wrote distance file to... 
Computing ML distances based on estimated model parameters...
Calculating distance matrix: done in 0.0305381 secs using 199.5% CPU
Computing ML distances took 0.030583 sec (of wall-clock time) 0.061977 sec (of CPU time)
Setting up auxiliary I and S matrices: done in 0.000278107 secs using 196% CPU
Constructing RapidNJ tree: done in 0.00176986 secs using 152.9% CPU
Computing RapidNJ tree took 0.002091 sec (of wall-clock time) 0.003354 sec (of CPU time)
Log-likelihood of RapidNJ tree: -2936.850
--------------------------------------------------------------------
|             INITIALIZING CANDIDATE TREE SET                      |
--------------------------------------------------------------------
Generating 98 parsimony trees... 0.136 second
Computing log-likelihood of 98 initial trees ... 0.405 seconds
Current best score: -2936.850

Do NNI search on 20 best initial trees
Optimizing NNI: done in 0.0939846 secs using 198.5% CPU
Estimate model parameters (epsilon = 0.100)
BETTER TREE FOUND at iteration 1: -2926.774
Optimizing NNI: done in 0.0345594 secs using 197.8% CPU
Optimizing NNI: done in 0.0791959 secs using 196.8% CPU
Optimizing NNI: done in 0.0923204 secs using 197% CPU
Optimizing NNI: done in 0.113355 secs using 195.7% CPU
Optimizing NNI: done in 0.146955 secs using 195.5% CPU
Estimate model parameters (epsilon = 0.100)
BETTER TREE FOUND at iteration 6: -2926.679
Optimizing NNI: done in 0.0725901 secs using 197.4% CPU
Optimizing NNI: done in 0.078774 secs using 198.6% CPU
Optimizing NNI: done in 0.0942218 secs using 197.1% CPU
Optimizing NNI: done in 0.127604 secs using 195.1% CPU
Iteration 10 / LogL: -2926.688 / Time: 0h:2m:59s
Optimizing NNI: done in 0.203565 secs using 198.3% CPU
Optimizing NNI: done in 0.10602 secs using 198.6% CPU
Optimizing NNI: done in 0.0970626 secs using 199.5% CPU
Optimizing NNI: done in 0.179106 secs using 197.2% CPU
Optimizing NNI: done in 0.107692 secs using 197.9% CPU
Optimizing NNI: done in 0.0789423 secs using 197.1% CPU
Optimizing NNI: done in 0.0593082 secs using 199% CPU
Optimizing NNI: done in 0.0609031 secs using 198% CPU
Optimizing NNI: done in 0.151649 secs using 195.8% CPU
Optimizing NNI: done in 0.177774 secs using 196.3% CPU
Iteration 20 / LogL: -2927.918 / Time: 0h:3m:0s
Finish initializing candidate tree set (18)
Current best tree score: -2926.679 / CPU time: 2.794
Number of iterations: 20
--------------------------------------------------------------------
|               OPTIMIZING CANDIDATE TREE SET                      |
--------------------------------------------------------------------
Optimizing NNI: done in 0.0633032 secs using 197.4% CPU
Estimate model parameters (epsilon = 0.100)
BETTER TREE FOUND at iteration 21: -2926.521
Optimizing NNI: done in 0.0818295 secs using 197.3% CPU
Optimizing NNI: done in 0.0805903 secs using 196.3% CPU
Optimizing NNI: done in 0.065412 secs using 192.8% CPU
Optimizing NNI: done in 0.089215 secs using 196% CPU
Optimizing NNI: done in 0.0975539 secs using 198.9% CPU
Optimizing NNI: done in 0.0598573 secs using 196.4% CPU
Optimizing NNI: done in 0.0468396 secs using 199.9% CPU
Optimizing NNI: done in 0.0494962 secs using 192.5% CPU
Optimizing NNI: done in 0.0534267 secs using 200.6% CPU
Iteration 30 / LogL: -2926.774 / Time: 0h:3m:1s (0h:0m:11s left)
Optimizing NNI: done in 0.0615906 secs using 195.4% CPU
Optimizing NNI: done in 0.0554106 secs using 195.2% CPU
Optimizing NNI: done in 0.05719 secs using 194% CPU
Optimizing NNI: done in 0.0629597 secs using 196.4% CPU
Optimizing NNI: done in 0.0671083 secs using 197.9% CPU
Optimizing NNI: done in 0.0608124 secs using 196.6% CPU
Optimizing NNI: done in 0.0755049 secs using 197.5% CPU
Optimizing NNI: done in 0.0384605 secs using 198.2% CPU
Optimizing NNI: done in 0.0465996 secs using 194% CPU
Optimizing NNI: done in 0.0407152 secs using 192.9% CPU
Iteration 40 / LogL: -2926.601 / Time: 0h:3m:2s (0h:0m:8s left)
Optimizing NNI: done in 0.0640174 secs using 196.4% CPU
Optimizing NNI: done in 0.0491195 secs using 195.3% CPU
Optimizing NNI: done in 0.0456536 secs using 200.3% CPU
Optimizing NNI: done in 0.0604202 secs using 197.2% CPU
Estimate model parameters (epsilon = 0.100)
UPDATE BEST LOG-LIKELIHOOD: -2926.458
Optimizing NNI: done in 0.0570165 secs using 197.7% CPU
Optimizing NNI: done in 0.0397218 secs using 200.2% CPU
Optimizing NNI: done in 0.0536154 secs using 196.5% CPU
Optimizing NNI: done in 0.0540267 secs using 197.6% CPU
Optimizing NNI: done in 0.0710678 secs using 198.1% CPU
Optimizing NNI: done in 0.0557043 secs using 196.5% CPU
Iteration 50 / LogL: -2926.545 / Time: 0h:3m:2s (0h:0m:7s left)
Log-likelihood cutoff on original alignment: -2956.652
Optimizing NNI: done in 0.0485451 secs using 196.3% CPU
Optimizing NNI: done in 0.0566414 secs using 200.2% CPU
Optimizing NNI: done in 0.060298 secs using 194.1% CPU
Optimizing NNI: done in 0.0521209 secs using 199.3% CPU
Optimizing NNI: done in 0.103438 secs using 197.2% CPU
Optimizing NNI: done in 0.0600773 secs using 196.1% CPU
Optimizing NNI: done in 0.0463749 secs using 194.4% CPU
Optimizing NNI: done in 0.113573 secs using 196.4% CPU
Optimizing NNI: done in 0.069323 secs using 197.6% CPU
Optimizing NNI: done in 0.067939 secs using 199.6% CPU
Iteration 60 / LogL: -2926.689 / Time: 0h:3m:3s (0h:0m:5s left)
Optimizing NNI: done in 0.0791609 secs using 199.3% CPU
Optimizing NNI: done in 0.0512738 secs using 197% CPU
Optimizing NNI: done in 0.096031 secs using 195.3% CPU
Optimizing NNI: done in 0.0557654 secs using 196.3% CPU
Optimizing NNI: done in 0.034573 secs using 200.8% CPU
Optimizing NNI: done in 0.0633539 secs using 200.6% CPU
Optimizing NNI: done in 0.0930313 secs using 196.3% CPU
Optimizing NNI: done in 0.0801191 secs using 194.4% CPU
Optimizing NNI: done in 0.0514742 secs using 192.8% CPU
Optimizing NNI: done in 0.077512 secs using 197.6% CPU
Iteration 70 / LogL: -2927.733 / Time: 0h:3m:4s (0h:0m:4s left)
Optimizing NNI: done in 0.0846774 secs using 199.9% CPU
Optimizing NNI: done in 0.0746515 secs using 198.7% CPU
Optimizing NNI: done in 0.0541927 secs using 199.2% CPU
Optimizing NNI: done in 0.0577782 secs using 196.5% CPU
Optimizing NNI: done in 0.0481717 secs using 199.2% CPU
Optimizing NNI: done in 0.0763878 secs using 195.1% CPU
Optimizing NNI: done in 0.0669087 secs using 198.2% CPU
Optimizing NNI: done in 0.0657941 secs using 199.8% CPU
Optimizing NNI: done in 0.0351324 secs using 202% CPU
Optimizing NNI: done in 0.0466443 secs using 198.1% CPU
Iteration 80 / LogL: -2926.526 / Time: 0h:3m:4s (0h:0m:3s left)
Optimizing NNI: done in 0.0714634 secs using 197.5% CPU
Optimizing NNI: done in 0.0625388 secs using 197.1% CPU
Optimizing NNI: done in 0.0644437 secs using 198.8% CPU
Optimizing NNI: done in 0.0539945 secs using 199.5% CPU
Optimizing NNI: done in 0.0678216 secs using 195.4% CPU
Optimizing NNI: done in 0.0708926 secs using 194% CPU
Optimizing NNI: done in 0.100393 secs using 195.2% CPU
Optimizing NNI: done in 0.0640468 secs using 197.9% CPU
Optimizing NNI: done in 0.0617235 secs using 193.5% CPU
Optimizing NNI: done in 0.0565657 secs using 200.3% CPU
Iteration 90 / LogL: -2926.472 / Time: 0h:3m:5s (0h:0m:2s left)
Optimizing NNI: done in 0.0654112 secs using 197.4% CPU
Optimizing NNI: done in 0.0685991 secs using 197.2% CPU
Optimizing NNI: done in 0.0711215 secs using 198% CPU
Optimizing NNI: done in 0.0709615 secs using 198.2% CPU
Optimizing NNI: done in 0.056917 secs using 196.2% CPU
Optimizing NNI: done in 0.061322 secs using 194.2% CPU
Optimizing NNI: done in 0.0712519 secs using 199.2% CPU
Optimizing NNI: done in 0.0527999 secs using 199.9% CPU
Optimizing NNI: done in 0.0747063 secs using 198.6% CPU
Optimizing NNI: done in 0.0623716 secs using 195.8% CPU
Iteration 100 / LogL: -2926.623 / Time: 0h:3m:6s (0h:0m:1s left)
Log-likelihood cutoff on original alignment: -2956.652
NOTE: Bootstrap correlation coefficient of split occurrence frequencies: 0.997
Optimizing NNI: done in 0.0719714 secs using 196.8% CPU
Optimizing NNI: done in 0.0566151 secs using 198.5% CPU
Optimizing NNI: done in 0.0825656 secs using 198.9% CPU
Optimizing NNI: done in 0.0414266 secs using 198.5% CPU
Optimizing NNI: done in 0.0469682 secs using 199.6% CPU
Optimizing NNI: done in 0.0648291 secs using 196.7% CPU
Optimizing NNI: done in 0.0869579 secs using 198.4% CPU
Optimizing NNI: done in 0.0577863 secs using 199.9% CPU
Optimizing NNI: done in 0.0671118 secs using 199.4% CPU
Optimizing NNI: done in 0.0621398 secs using 197.7% CPU
Iteration 110 / LogL: -2926.564 / Time: 0h:3m:7s (0h:0m:7s left)
Optimizing NNI: done in 0.0432726 secs using 198.9% CPU
Optimizing NNI: done in 0.0443069 secs using 196.6% CPU
Optimizing NNI: done in 0.0602482 secs using 200.8% CPU
Optimizing NNI: done in 0.0755294 secs using 190.9% CPU
Optimizing NNI: done in 0.0601477 secs using 194.3% CPU
Optimizing NNI: done in 0.0841699 secs using 198.2% CPU
Optimizing NNI: done in 0.0358341 secs using 197.2% CPU
Optimizing NNI: done in 0.0469185 secs using 195.5% CPU
Optimizing NNI: done in 0.0435446 secs using 200.5% CPU
Optimizing NNI: done in 0.0475736 secs using 198.3% CPU
Iteration 120 / LogL: -2928.785 / Time: 0h:3m:7s (0h:0m:6s left)
Optimizing NNI: done in 0.0650522 secs using 196.4% CPU
Optimizing NNI: done in 0.0427445 secs using 200.1% CPU
TREE SEARCH COMPLETED AFTER 122 ITERATIONS / Time: 0h:3m:7s

--------------------------------------------------------------------
|                    FINALIZING TREE SEARCH                        |
--------------------------------------------------------------------
Performs final model parameters optimization
Estimate model parameters (epsilon = 0.010)
1. Initial log-likelihood: -2926.458
Optimal log-likelihood: -2926.456
Gamma shape alpha: 2.396
Parameters optimization took 1 rounds (0.011 sec)
BEST SCORE FOUND : -2926.456
Creating bootstrap support values...
Split supports printed to NEXUS file /storage/kiran-stuff/protein-semantic-collapse/results/phylogenetics/RRM_1.splits.nex
Total tree length: 22.492

Total number of iterations: 122
CPU time used for tree search: 18.980 sec (0h:0m:18s)
Wall-clock time used for tree search: 9.806 sec (0h:0m:9s)
Total CPU time used: 357.560 sec (0h:5m:57s)
Total wall-clock time used: 187.890 sec (0h:3m:7s)

Computing bootstrap consensus tree...
Reading input file /storage/kiran-stuff/protein-semantic-collapse/results/phylogenetics/RRM_1.splits.nex...
20 taxa and 370 splits.
Consensus tree written to /storage/kiran-stuff/protein-semantic-collapse/results/phylogenetics/RRM_1.contree
Reading input trees file /storage/kiran-stuff/protein-semantic-collapse/results/phylogenetics/RRM_1.contree
Log-likelihood of consensus tree: -2926.456

Analysis results written to: 
  IQ-TREE report:                /storage/kiran-stuff/protein-semantic-collapse/results/phylogenetics/RRM_1.iqtree
  Maximum-likelihood tree:       /storage/kiran-stuff/protein-semantic-collapse/results/phylogenetics/RRM_1.treefile
  Likelihood distances:          /storage/kiran-stuff/protein-semantic-collapse/results/phylogenetics/RRM_1.mldist

Ultrafast bootstrap approximation results written to:
  Split support values:          /storage/kiran-stuff/protein-semantic-collapse/results/phylogenetics/RRM_1.splits.nex
  Consensus tree:                /storage/kiran-stuff/protein-semantic-collapse/results/phylogenetics/RRM_1.contree
  Screen log file:               /storage/kiran-stuff/protein-semantic-collapse/results/phylogenetics/RRM_1.log

Date and Time: Sun Feb  1 15:19:54 2026
